<?xml version="1.0" encoding="UTF-8"?>
<testsuite xmlns:xsi="http://www.w3.org/2001/XMLSchema-instance" xsi:noNamespaceSchemaLocation="https://maven.apache.org/surefire/maven-surefire-plugin/xsd/surefire-test-report.xsd" name="com.techreturners.cats.CatTest" time="0.05" tests="9" errors="0" skipped="0" failures="0">
  <properties>
    <property name="sun.desktop" value="windows"/>
    <property name="awt.toolkit" value="sun.awt.windows.WToolkit"/>
    <property name="file.encoding.pkg" value="sun.io"/>
    <property name="java.specification.version" value="1.8"/>
    <property name="sun.cpu.isalist" value="amd64"/>
    <property name="sun.jnu.encoding" value="Cp1252"/>
    <property name="java.class.path" value="C:\Users\slueb\Desktop\Repo\oop_java_exercises-updated\target\test-classes;C:\Users\slueb\Desktop\Repo\oop_java_exercises-updated\target\classes;C:\Users\slueb\.m2\repository\junit\junit\4.11\junit-4.11.jar;C:\Users\slueb\.m2\repository\org\hamcrest\hamcrest-core\1.3\hamcrest-core-1.3.jar;"/>
    <property name="java.vm.vendor" value="Oracle Corporation"/>
    <property name="sun.arch.data.model" value="64"/>
    <property name="user.variant" value=""/>
    <property name="java.vendor.url" value="http://java.oracle.com/"/>
    <property name="user.timezone" value="Europe/London"/>
    <property name="java.vm.specification.version" value="1.8"/>
    <property name="os.name" value="Windows 10"/>
    <property name="user.country" value="US"/>
    <property name="sun.java.launcher" value="SUN_STANDARD"/>
    <property name="sun.boot.library.path" value="C:\Program Files\Java\jdk1.8.0_281\jre\bin"/>
    <property name="sun.java.command" value="C:\Users\slueb\AppData\Local\Temp\surefire2737116994854856908\surefirebooter714359731997866243.jar C:\Users\slueb\AppData\Local\Temp\surefire2737116994854856908 2021-04-14T13-16-10_281-jvmRun1 surefire7793047625124635543tmp surefire_02665887975943622918tmp"/>
    <property name="surefire.test.class.path" value="C:\Users\slueb\Desktop\Repo\oop_java_exercises-updated\target\test-classes;C:\Users\slueb\Desktop\Repo\oop_java_exercises-updated\target\classes;C:\Users\slueb\.m2\repository\junit\junit\4.11\junit-4.11.jar;C:\Users\slueb\.m2\repository\org\hamcrest\hamcrest-core\1.3\hamcrest-core-1.3.jar;"/>
    <property name="sun.cpu.endian" value="little"/>
    <property name="user.home" value="C:\Users\slueb"/>
    <property name="user.language" value="en"/>
    <property name="java.specification.vendor" value="Oracle Corporation"/>
    <property name="java.home" value="C:\Program Files\Java\jdk1.8.0_281\jre"/>
    <property name="basedir" value="C:\Users\slueb\Desktop\Repo\oop_java_exercises-updated"/>
    <property name="file.separator" value="\"/>
    <property name="line.separator" value="&#10;"/>
    <property name="java.vm.specification.vendor" value="Oracle Corporation"/>
    <property name="java.specification.name" value="Java Platform API Specification"/>
    <property name="java.awt.graphicsenv" value="sun.awt.Win32GraphicsEnvironment"/>
    <property name="surefire.real.class.path" value="C:\Users\slueb\AppData\Local\Temp\surefire2737116994854856908\surefirebooter714359731997866243.jar"/>
    <property name="sun.boot.class.path" value="C:\Program Files\Java\jdk1.8.0_281\jre\lib\resources.jar;C:\Program Files\Java\jdk1.8.0_281\jre\lib\rt.jar;C:\Program Files\Java\jdk1.8.0_281\jre\lib\sunrsasign.jar;C:\Program Files\Java\jdk1.8.0_281\jre\lib\jsse.jar;C:\Program Files\Java\jdk1.8.0_281\jre\lib\jce.jar;C:\Program Files\Java\jdk1.8.0_281\jre\lib\charsets.jar;C:\Program Files\Java\jdk1.8.0_281\jre\lib\jfr.jar;C:\Program Files\Java\jdk1.8.0_281\jre\classes"/>
    <property name="user.script" value=""/>
    <property name="sun.management.compiler" value="HotSpot 64-Bit Tiered Compilers"/>
    <property name="java.runtime.version" value="1.8.0_281-b09"/>
    <property name="user.name" value="slueb"/>
    <property name="path.separator" value=";"/>
    <property name="os.version" value="10.0"/>
    <property name="java.endorsed.dirs" value="C:\Program Files\Java\jdk1.8.0_281\jre\lib\endorsed"/>
    <property name="java.runtime.name" value="Java(TM) SE Runtime Environment"/>
    <property name="file.encoding" value="Cp1252"/>
    <property name="java.vm.name" value="Java HotSpot(TM) 64-Bit Server VM"/>
    <property name="localRepository" value="C:\Users\slueb\.m2\repository"/>
    <property name="java.vendor.url.bug" value="http://bugreport.sun.com/bugreport/"/>
    <property name="java.io.tmpdir" value="C:\Users\slueb\AppData\Local\Temp\"/>
    <property name="java.version" value="1.8.0_281"/>
    <property name="user.dir" value="C:\Users\slueb\Desktop\Repo\oop_java_exercises-updated"/>
    <property name="os.arch" value="amd64"/>
    <property name="java.vm.specification.name" value="Java Virtual Machine Specification"/>
    <property name="java.awt.printerjob" value="sun.awt.windows.WPrinterJob"/>
    <property name="sun.os.patch.level" value=""/>
    <property name="java.library.path" value="C:\Program Files\Java\jdk1.8.0_281\jre\bin;C:\WINDOWS\Sun\Java\bin;C:\WINDOWS\system32;C:\WINDOWS;C:\Program Files\AdoptOpenJDK\jdk-11.0.10.9-hotspot\bin;C:\Program Files\Java\jdk1.8.0_281\bin\;C:\WINDOWS\system32;C:\WINDOWS;C:\WINDOWS\System32\Wbem;C:\WINDOWS\System32\WindowsPowerShell\v1.0\;C:\WINDOWS\System32\OpenSSH\;C:\Program Files\Git\cmd;C:\Program Files\nodejs\;&quot;C:\ProgramData\chocolatey\bin;C:\Users\slueb\terraform\&quot;;C:\Users\slueb\Maven\bin\;C:\Program Files\MySQL\MySQL Shell 8.0\bin\;C:\Users\slueb\AppData\Local\Microsoft\WindowsApps;D:\Microsoft VS Code\bin;C:\Users\slueb\AppData\Local\GitHubDesktop\bin;C:\Users\slueb\AppData\Roaming\npm;."/>
    <property name="java.vm.info" value="mixed mode"/>
    <property name="java.vendor" value="Oracle Corporation"/>
    <property name="java.vm.version" value="25.281-b09"/>
    <property name="java.ext.dirs" value="C:\Program Files\Java\jdk1.8.0_281\jre\lib\ext;C:\WINDOWS\Sun\Java\lib\ext"/>
    <property name="sun.io.unicode.encoding" value="UnicodeLittle"/>
    <property name="java.class.version" value="52.0"/>
  </properties>
  <testcase name="checkCatHeight" classname="com.techreturners.cats.CatTest" time="0.005"/>
  <testcase name="checkCatSetting" classname="com.techreturners.cats.CatTest" time="0"/>
  <testcase name="feedTheLion" classname="com.techreturners.cats.CatTest" time="0.004"/>
  <testcase name="checkCatIsAwake" classname="com.techreturners.cats.CatTest" time="0"/>
  <testcase name="checkCatCanWakep" classname="com.techreturners.cats.CatTest" time="0"/>
  <testcase name="checkCatCanGoToSleep" classname="com.techreturners.cats.CatTest" time="0"/>
  <testcase name="feedTheCat" classname="com.techreturners.cats.CatTest" time="0"/>
  <testcase name="feedTheCheetah" classname="com.techreturners.cats.CatTest" time="0"/>
  <testcase name="checkLionHeight" classname="com.techreturners.cats.CatTest" time="0"/>
</testsuite>